{"C:\\Users\\Bruno Vaz\\Desktop\\Programação\\Alura\\NodeJS_Tests\\index.js": {"path":"C:\\Users\\Bruno Vaz\\Desktop\\Programação\\Alura\\NodeJS_Tests\\index.js","statementMap":{"0":{"start":{"line":1,"column":24},"end":{"line":1,"column":81}},"1":{"start":{"line":1,"column":55},"end":{"line":1,"column":81}},"2":{"start":{"line":3,"column":25},"end":{"line":3,"column":68}},"3":{"start":{"line":3,"column":49},"end":{"line":3,"column":68}}},"fnMap":{"0":{"name":"(anonymous_0)","decl":{"start":{"line":1,"column":24},"end":{"line":1,"column":25}},"loc":{"start":{"line":1,"column":55},"end":{"line":1,"column":81}},"line":1},"1":{"name":"(anonymous_1)","decl":{"start":{"line":3,"column":25},"end":{"line":3,"column":26}},"loc":{"start":{"line":3,"column":49},"end":{"line":3,"column":68}},"line":3}},"branchMap":{},"s":{"0":1,"1":1,"2":1,"3":1},"f":{"0":1,"1":1},"b":{},"_coverageSchema":"1a1c01bbd47fc00a2c39e90264f33305004495a9","hash":"2faf3b17922e751a5f33e7cd6a7e06596c3be591"}
}
